生成启动时间为 2018/6/10 13:57:46。
     1>项目“D:\MyPractice\Mis-matching-Elimination\GMS2\GMS2.vcxproj”在节点 2 上(Build 个目标)。
     1>C:\Program Files (x86)\MSBuild\Microsoft.Cpp\v4.0\V120\Microsoft.CppBuild.targets(381,5): warning MSB8028: The intermediate directory (Debug\) contains files shared from another project (GMS2.vcxproj).  This can lead to incorrect clean and rebuild behavior.
     1>ClCompile:
         D:\visual studio 2013\VC\bin\CL.exe /c /ZI /nologo /W3 /WX- /sdl /Od /Oy- /D WIN32 /D _DEBUG /D _CONSOLE /D _LIB /D _UNICODE /D UNICODE /Gm /EHsc /RTC1 /MDd /GS /fp:precise /Zc:wchar_t /Zc:forScope /Fo"Debug\\" /Fd"Debug\vc120.pdb" /Gd /TP /analyze- /errorReport:prompt demo.cpp
         demo.cpp
     1>d:\opencv\opencv3.0\build\include\opencv2\core\mat.hpp(1965): warning C4819: 该文件包含不能在当前代码页(936)中表示的字符。请将该文件保存为 Unicode 格式以防止数据丢失
     1>d:\opencv\opencv3.0\build\include\opencv2\core\persistence.hpp : warning C4819: 该文件包含不能在当前代码页(936)中表示的字符。请将该文件保存为 Unicode 格式以防止数据丢失
     1>d:\opencv\opencv3.0\build\include\opencv2\core\utility.hpp : warning C4819: 该文件包含不能在当前代码页(936)中表示的字符。请将该文件保存为 Unicode 格式以防止数据丢失
     1>d:\mypractice\mis-matching-elimination\gms2\mis_matchere.h(146): warning C4244: “=”: 从“float”转换到“int”，可能丢失数据
     1>d:\mypractice\mis-matching-elimination\gms2\mis_matchere.h(147): warning C4244: “=”: 从“float”转换到“int”，可能丢失数据
     1>d:\mypractice\mis-matching-elimination\gms2\mis_matchere.h(151): warning C4244: “=”: 从“double”转换到“int”，可能丢失数据
     1>d:\mypractice\mis-matching-elimination\gms2\mis_matchere.h(152): warning C4244: “=”: 从“float”转换到“int”，可能丢失数据
     1>d:\mypractice\mis-matching-elimination\gms2\mis_matchere.h(156): warning C4244: “=”: 从“float”转换到“int”，可能丢失数据
     1>d:\mypractice\mis-matching-elimination\gms2\mis_matchere.h(157): warning C4244: “=”: 从“double”转换到“int”，可能丢失数据
     1>d:\mypractice\mis-matching-elimination\gms2\mis_matchere.h(161): warning C4244: “=”: 从“double”转换到“int”，可能丢失数据
     1>d:\mypractice\mis-matching-elimination\gms2\mis_matchere.h(162): warning C4244: “=”: 从“double”转换到“int”，可能丢失数据
     1>d:\mypractice\mis-matching-elimination\gms2\mis_matchere.h(175): warning C4244: “初始化”: 从“float”转换到“int”，可能丢失数据
     1>d:\mypractice\mis-matching-elimination\gms2\mis_matchere.h(176): warning C4244: “初始化”: 从“float”转换到“int”，可能丢失数据
     1>d:\mypractice\mis-matching-elimination\gms2\mis_matchere.h(222): warning C4244: “=”: 从“const double”转换到“int”，可能丢失数据
     1>d:\mypractice\mis-matching-elimination\gms2\mis_matchere.h(223): warning C4244: “=”: 从“const double”转换到“int”，可能丢失数据
     1>d:\mypractice\mis-matching-elimination\gms2\mis_matchere.h(412): warning C4244: “初始化”: 从“double”转换到“int”，可能丢失数据
     1>d:\mypractice\mis-matching-elimination\gms2\demo.cpp(38): warning C4244: “初始化”: 从“int64”转换到“double”，可能丢失数据
     1>d:\mypractice\mis-matching-elimination\gms2\demo.cpp(85): warning C4244: “初始化”: 从“int64”转换到“double”，可能丢失数据
       Link:
         D:\visual studio 2013\VC\bin\link.exe /ERRORREPORT:PROMPT /OUT:"D:\MyPractice\Mis-matching-Elimination\Debug\Mis_matchingElimination.exe" /INCREMENTAL /NOLOGO opencv_ts300d.lib opencv_world300d.lib IlmImfd.lib libjasperd.lib libjpegd.lib libpngd.lib libtiffd.lib libwebpd.lib opencv_calib3d300d.lib opencv_core300d.lib opencv_features2d300d.lib opencv_flann300d.lib opencv_highgui300d.lib opencv_imgcodecs300d.lib opencv_imgproc300d.lib opencv_ml300d.lib opencv_objdetect300d.lib opencv_photo300d.lib opencv_shape300d.lib opencv_stitching300d.lib opencv_superres300d.lib opencv_video300d.lib opencv_videoio300d.lib opencv_videostab300d.lib zlibd.lib kernel32.lib user32.lib gdi32.lib winspool.lib comdlg32.lib advapi32.lib shell32.lib ole32.lib oleaut32.lib uuid.lib odbc32.lib odbccp32.lib /MANIFEST /MANIFESTUAC:"level='asInvoker' uiAccess='false'" /manifest:embed /DEBUG /PDB:"D:\MyPractice\Mis-matching-Elimination\Debug\Mis_matchingElimination.pdb" /SUBSYSTEM:CONSOLE /TLBID:1 /DYNAMICBASE /NXCOMPAT /IMPLIB:"D:\MyPractice\Mis-matching-Elimination\Debug\Mis_matchingElimination.lib" /MACHINE:X86 Debug\demo.obj
         GMS2.vcxproj -> D:\MyPractice\Mis-matching-Elimination\Debug\Mis_matchingElimination.exe
     1>已完成生成项目“D:\MyPractice\Mis-matching-Elimination\GMS2\GMS2.vcxproj”(Build 个目标)的操作。

生成成功。

已用时间 00:00:08.13
