生成启动时间为 2017/9/17 19:34:55。
     1>项目“D:\visual project\GMS2\GMS2\GMS2.vcxproj”在节点 2 上(Build 个目标)。
     1>ClCompile:
         D:\visual studio 2013\VC\bin\CL.exe /c /Zi /nologo /W3 /WX- /sdl /O2 /Oi /Oy- /GL /D WIN32 /D NDEBUG /D _CONSOLE /D _LIB /D _UNICODE /D UNICODE /Gm- /EHsc /MD /GS /Gy /fp:precise /Zc:wchar_t /Zc:forScope /Fo"Release\\" /Fd"Release\vc120.pdb" /Gd /TP /analyze- /errorReport:prompt demo.cpp
         demo.cpp
     1>D:\opencv\opencv3.0\build\include\opencv2/core/mat.hpp(1965): warning C4819: 该文件包含不能在当前代码页(936)中表示的字符。请将该文件保存为 Unicode 格式以防止数据丢失
     1>D:\opencv\opencv3.0\build\include\opencv2/core/persistence.hpp : warning C4819: 该文件包含不能在当前代码页(936)中表示的字符。请将该文件保存为 Unicode 格式以防止数据丢失
     1>D:\opencv\opencv3.0\build\include\opencv2/core/utility.hpp : warning C4819: 该文件包含不能在当前代码页(936)中表示的字符。请将该文件保存为 Unicode 格式以防止数据丢失
     1>d:\visual project\gms2\gms2\gms_matcher.h(145): warning C4244: “=”: 从“float”转换到“int”，可能丢失数据
     1>d:\visual project\gms2\gms2\gms_matcher.h(146): warning C4244: “=”: 从“float”转换到“int”，可能丢失数据
     1>d:\visual project\gms2\gms2\gms_matcher.h(150): warning C4244: “=”: 从“double”转换到“int”，可能丢失数据
     1>d:\visual project\gms2\gms2\gms_matcher.h(151): warning C4244: “=”: 从“float”转换到“int”，可能丢失数据
     1>d:\visual project\gms2\gms2\gms_matcher.h(155): warning C4244: “=”: 从“float”转换到“int”，可能丢失数据
     1>d:\visual project\gms2\gms2\gms_matcher.h(156): warning C4244: “=”: 从“double”转换到“int”，可能丢失数据
     1>d:\visual project\gms2\gms2\gms_matcher.h(160): warning C4244: “=”: 从“double”转换到“int”，可能丢失数据
     1>d:\visual project\gms2\gms2\gms_matcher.h(161): warning C4244: “=”: 从“double”转换到“int”，可能丢失数据
     1>d:\visual project\gms2\gms2\gms_matcher.h(174): warning C4244: “初始化”: 从“float”转换到“int”，可能丢失数据
     1>d:\visual project\gms2\gms2\gms_matcher.h(175): warning C4244: “初始化”: 从“float”转换到“int”，可能丢失数据
     1>d:\visual project\gms2\gms2\gms_matcher.h(221): warning C4244: “=”: 从“const double”转换到“int”，可能丢失数据
     1>d:\visual project\gms2\gms2\gms_matcher.h(222): warning C4244: “=”: 从“const double”转换到“int”，可能丢失数据
     1>d:\visual project\gms2\gms2\gms_matcher.h(411): warning C4244: “初始化”: 从“double”转换到“int”，可能丢失数据
       Link:
         D:\visual studio 2013\VC\bin\link.exe /ERRORREPORT:PROMPT /OUT:"D:\visual project\GMS2\Release\GMS2.exe" /INCREMENTAL:NO /NOLOGO opencv_ts300d.lib opencv_world300d.lib IlmImfd.lib libjasperd.lib libjpegd.lib libpngd.lib libtiffd.lib libwebpd.lib opencv_calib3d300d.lib opencv_core300d.lib opencv_features2d300d.lib opencv_flann300d.lib opencv_highgui300d.lib opencv_imgcodecs300d.lib opencv_imgproc300d.lib opencv_ml300d.lib opencv_objdetect300d.lib opencv_photo300d.lib opencv_shape300d.lib opencv_stitching300d.lib opencv_superres300d.lib opencv_video300d.lib opencv_videoio300d.lib opencv_videostab300d.lib zlibd.lib kernel32.lib user32.lib gdi32.lib winspool.lib comdlg32.lib advapi32.lib shell32.lib ole32.lib oleaut32.lib uuid.lib odbc32.lib odbccp32.lib /MANIFEST /MANIFESTUAC:"level='asInvoker' uiAccess='false'" /manifest:embed /DEBUG /PDB:"D:\visual project\GMS2\Release\GMS2.pdb" /SUBSYSTEM:CONSOLE /OPT:REF /OPT:ICF /LTCG /TLBID:1 /DYNAMICBASE /NXCOMPAT /IMPLIB:"D:\visual project\GMS2\Release\GMS2.lib" /MACHINE:X86 /SAFESEH Release\demo.obj
         正在生成代码
         已完成代码的生成
         GMS2.vcxproj -> D:\visual project\GMS2\Release\GMS2.exe
     1>已完成生成项目“D:\visual project\GMS2\GMS2\GMS2.vcxproj”(Build 个目标)的操作。

生成成功。

已用时间 00:00:07.84
